[0m19:16:57.272177 [debug] [MainThread]: Sending event: {'category': 'dbt', 'action': 'invocation', 'label': 'start', 'context': [<snowplow_tracker.self_describing_json.SelfDescribingJson object at 0x000001EB95AFC610>, <snowplow_tracker.self_describing_json.SelfDescribingJson object at 0x000001EB95AFE990>, <snowplow_tracker.self_describing_json.SelfDescribingJson object at 0x000001EB95B5FA10>]}


============================== 19:16:57.276182 | fc4b8537-a9db-4d9b-a7a4-28bb86efdac6 ==============================
[0m19:16:57.276182 [info ] [MainThread]: Running with dbt=1.11.2
[0m19:16:57.277179 [debug] [MainThread]: running dbt with arguments {'static_parser': 'True', 'no_print': 'None', 'version_check': 'True', 'warn_error_options': 'WarnErrorOptionsV2(error=[], warn=[], silence=[])', 'target_path': 'None', 'printer_width': '80', 'write_json': 'True', 'empty': 'None', 'log_cache_events': 'False', 'introspect': 'True', 'cache_selected_only': 'False', 'fail_fast': 'False', 'debug': 'False', 'log_format': 'default', 'partial_parse': 'True', 'send_anonymous_usage_stats': 'True', 'quiet': 'False', 'warn_error': 'None', 'profiles_dir': 'C:\\Users\\USER\\.dbt', 'use_colors': 'True', 'invocation_command': 'dbt init', 'indirect_selection': 'eager', 'use_experimental_parser': 'False', 'log_path': 'logs'}
[0m19:17:06.399349 [debug] [MainThread]: Starter project path: C:\Users\USER\Documents\coding\dbt-env\Lib\site-packages\dbt\include\starter_project
[0m19:17:06.431136 [info ] [MainThread]: 
Your new dbt project "custom_postgres" was created!

For more information on how to configure the profiles.yml file,
please consult the dbt documentation here:

  https://docs.getdbt.com/docs/configure-your-profile

One more thing:

Need help? Don't hesitate to reach out to us via GitHub issues or on Slack:

  https://community.getdbt.com/

Happy modeling!

[0m19:17:06.432142 [info ] [MainThread]: Setting up your profile.
[0m19:21:15.046857 [info ] [MainThread]: Profile custom_postgres written to C:\Users\USER\.dbt\profiles.yml using target's profile_template.yml and your supplied values. Run 'dbt debug' to validate the connection.
[0m19:21:15.048857 [debug] [MainThread]: Command `dbt init` succeeded at 19:21:15.047856 after 257.87 seconds
[0m19:21:15.048857 [debug] [MainThread]: Sending event: {'category': 'dbt', 'action': 'invocation', 'label': 'end', 'context': [<snowplow_tracker.self_describing_json.SelfDescribingJson object at 0x000001EB8FAAAD10>, <snowplow_tracker.self_describing_json.SelfDescribingJson object at 0x000001EB95B8A610>, <snowplow_tracker.self_describing_json.SelfDescribingJson object at 0x000001EB8FAA3090>]}
[0m19:21:15.049828 [debug] [MainThread]: Flushing usage events
[0m19:21:18.413656 [debug] [MainThread]: An error was encountered while trying to flush usage events
